{"meta": {"format": 3, "version": "7.11.3", "timestamp": "2025-11-17T06:51:28.133067", "branch_coverage": false, "show_contexts": false}, "files": {"src/models/__init__.py": {"executed_lines": [1, 3, 4, 5, 7], "summary": {"covered_lines": 4, "num_statements": 4, "percent_covered": 100.0, "percent_covered_display": "100", "missing_lines": 0, "excluded_lines": 0}, "missing_lines": [], "excluded_lines": [], "functions": {"": {"executed_lines": [1, 3, 4, 5, 7], "summary": {"covered_lines": 4, "num_statements": 4, "percent_covered": 100.0, "percent_covered_display": "100", "missing_lines": 0, "excluded_lines": 0}, "missing_lines": [], "excluded_lines": []}}, "classes": {"": {"executed_lines": [1, 3, 4, 5, 7], "summary": {"covered_lines": 4, "num_statements": 4, "percent_covered": 100.0, "percent_covered_display": "100", "missing_lines": 0, "excluded_lines": 0}, "missing_lines": [], "excluded_lines": []}}}, "src/models/base.py": {"executed_lines": [1, 3, 4, 5, 6, 7, 10, 12, 15, 22, 25, 28, 38], "summary": {"covered_lines": 12, "num_statements": 20, "percent_covered": 60.0, "percent_covered_display": "60", "missing_lines": 8, "excluded_lines": 0}, "missing_lines": [31, 32, 33, 35, 40, 41, 42, 44], "excluded_lines": [], "functions": {"init_db": {"executed_lines": [], "summary": {"covered_lines": 0, "num_statements": 4, "percent_covered": 0.0, "percent_covered_display": "0", "missing_lines": 4, "excluded_lines": 0}, "missing_lines": [31, 32, 33, 35], "excluded_lines": []}, "get_db": {"executed_lines": [], "summary": {"covered_lines": 0, "num_statements": 4, "percent_covered": 0.0, "percent_covered_display": "0", "missing_lines": 4, "excluded_lines": 0}, "missing_lines": [40, 41, 42, 44], "excluded_lines": []}, "": {"executed_lines": [1, 3, 4, 5, 6, 7, 10, 12, 15, 22, 25, 28, 38], "summary": {"covered_lines": 12, "num_statements": 12, "percent_covered": 100.0, "percent_covered_display": "100", "missing_lines": 0, "excluded_lines": 0}, "missing_lines": [], "excluded_lines": []}}, "classes": {"": {"executed_lines": [1, 3, 4, 5, 6, 7, 10, 12, 15, 22, 25, 28, 38], "summary": {"covered_lines": 12, "num_statements": 20, "percent_covered": 60.0, "percent_covered_display": "60", "missing_lines": 8, "excluded_lines": 0}, "missing_lines": [31, 32, 33, 35, 40, 41, 42, 44], "excluded_lines": []}}}, "src/models/race.py": {"executed_lines": [1, 3, 4, 5, 6, 7, 10, 11, 12, 13, 14, 15, 16, 17, 20, 21, 23, 25, 26, 27, 30, 31, 32, 35, 38, 39, 40, 43, 44, 47, 48, 49, 51, 55, 56, 58, 60, 61, 64, 65, 66, 67, 68, 69, 70, 71, 74, 75, 76, 79, 81, 84, 86, 98, 99, 101, 103, 104, 105, 108, 109, 110, 113, 116, 117, 120, 123, 124, 126], "summary": {"covered_lines": 64, "num_statements": 67, "percent_covered": 95.5223880597015, "percent_covered_display": "96", "missing_lines": 3, "excluded_lines": 0}, "missing_lines": [52, 82, 127], "excluded_lines": [], "functions": {"Race.__repr__": {"executed_lines": [], "summary": {"covered_lines": 0, "num_statements": 1, "percent_covered": 0.0, "percent_covered_display": "0", "missing_lines": 1, "excluded_lines": 0}, "missing_lines": [52], "excluded_lines": []}, "RaceCharacteristics.__repr__": {"executed_lines": [], "summary": {"covered_lines": 0, "num_statements": 1, "percent_covered": 0.0, "percent_covered_display": "0", "missing_lines": 1, "excluded_lines": 0}, "missing_lines": [82], "excluded_lines": []}, "RaceCharacteristics.to_dict": {"executed_lines": [86], "summary": {"covered_lines": 1, "num_statements": 1, "percent_covered": 100.0, "percent_covered_display": "100", "missing_lines": 0, "excluded_lines": 0}, "missing_lines": [], "excluded_lines": []}, "RaceResult.__repr__": {"executed_lines": [], "summary": {"covered_lines": 0, "num_statements": 1, "percent_covered": 0.0, "percent_covered_display": "0", "missing_lines": 1, "excluded_lines": 0}, "missing_lines": [127], "excluded_lines": []}, "": {"executed_lines": [1, 3, 4, 5, 6, 7, 10, 11, 12, 13, 14, 15, 16, 17, 20, 21, 23, 25, 26, 27, 30, 31, 32, 35, 38, 39, 40, 43, 44, 47, 48, 49, 51, 55, 56, 58, 60, 61, 64, 65, 66, 67, 68, 69, 70, 71, 74, 75, 76, 79, 81, 84, 98, 99, 101, 103, 104, 105, 108, 109, 110, 113, 116, 117, 120, 123, 124, 126], "summary": {"covered_lines": 63, "num_statements": 63, "percent_covered": 100.0, "percent_covered_display": "100", "missing_lines": 0, "excluded_lines": 0}, "missing_lines": [], "excluded_lines": []}}, "classes": {"RaceCategory": {"executed_lines": [], "summary": {"covered_lines": 0, "num_statements": 0, "percent_covered": 100.0, "percent_covered_display": "100", "missing_lines": 0, "excluded_lines": 0}, "missing_lines": [], "excluded_lines": []}, "Race": {"executed_lines": [], "summary": {"covered_lines": 0, "num_statements": 1, "percent_covered": 0.0, "percent_covered_display": "0", "missing_lines": 1, "excluded_lines": 0}, "missing_lines": [52], "excluded_lines": []}, "RaceCharacteristics": {"executed_lines": [86], "summary": {"covered_lines": 1, "num_statements": 2, "percent_covered": 50.0, "percent_covered_display": "50", "missing_lines": 1, "excluded_lines": 0}, "missing_lines": [82], "excluded_lines": []}, "RaceResult": {"executed_lines": [], "summary": {"covered_lines": 0, "num_statements": 1, "percent_covered": 0.0, "percent_covered_display": "0", "missing_lines": 1, "excluded_lines": 0}, "missing_lines": [127], "excluded_lines": []}, "": {"executed_lines": [1, 3, 4, 5, 6, 7, 10, 11, 12, 13, 14, 15, 16, 17, 20, 21, 23, 25, 26, 27, 30, 31, 32, 35, 38, 39, 40, 43, 44, 47, 48, 49, 51, 55, 56, 58, 60, 61, 64, 65, 66, 67, 68, 69, 70, 71, 74, 75, 76, 79, 81, 84, 98, 99, 101, 103, 104, 105, 108, 109, 110, 113, 116, 117, 120, 123, 124, 126], "summary": {"covered_lines": 63, "num_statements": 63, "percent_covered": 100.0, "percent_covered_display": "100", "missing_lines": 0, "excluded_lines": 0}, "missing_lines": [], "excluded_lines": []}}}, "src/models/rider.py": {"executed_lines": [1, 3, 4, 5, 6, 9, 10, 12, 14, 15, 16, 17, 18, 19, 22, 23, 26, 27, 28, 30, 34, 35, 37, 39, 40, 43, 44, 45, 46, 47, 48, 49, 50, 53, 56, 57, 58, 61, 64, 66, 69, 71, 84, 85, 87, 89, 90, 91, 93, 96, 99, 102, 103, 105], "summary": {"covered_lines": 50, "num_statements": 53, "percent_covered": 94.33962264150944, "percent_covered_display": "94", "missing_lines": 3, "excluded_lines": 0}, "missing_lines": [31, 67, 106], "excluded_lines": [], "functions": {"Rider.__repr__": {"executed_lines": [], "summary": {"covered_lines": 0, "num_statements": 1, "percent_covered": 0.0, "percent_covered_display": "0", "missing_lines": 1, "excluded_lines": 0}, "missing_lines": [31], "excluded_lines": []}, "RiderRating.__repr__": {"executed_lines": [], "summary": {"covered_lines": 0, "num_statements": 1, "percent_covered": 0.0, "percent_covered_display": "0", "missing_lines": 1, "excluded_lines": 0}, "missing_lines": [67], "excluded_lines": []}, "RiderRating.to_dict": {"executed_lines": [71], "summary": {"covered_lines": 1, "num_statements": 1, "percent_covered": 100.0, "percent_covered_display": "100", "missing_lines": 0, "excluded_lines": 0}, "missing_lines": [], "excluded_lines": []}, "RatingHistory.__repr__": {"executed_lines": [], "summary": {"covered_lines": 0, "num_statements": 1, "percent_covered": 0.0, "percent_covered_display": "0", "missing_lines": 1, "excluded_lines": 0}, "missing_lines": [106], "excluded_lines": []}, "": {"executed_lines": [1, 3, 4, 5, 6, 9, 10, 12, 14, 15, 16, 17, 18, 19, 22, 23, 26, 27, 28, 30, 34, 35, 37, 39, 40, 43, 44, 45, 46, 47, 48, 49, 50, 53, 56, 57, 58, 61, 64, 66, 69, 84, 85, 87, 89, 90, 91, 93, 96, 99, 102, 103, 105], "summary": {"covered_lines": 49, "num_statements": 49, "percent_covered": 100.0, "percent_covered_display": "100", "missing_lines": 0, "excluded_lines": 0}, "missing_lines": [], "excluded_lines": []}}, "classes": {"Rider": {"executed_lines": [], "summary": {"covered_lines": 0, "num_statements": 1, "percent_covered": 0.0, "percent_covered_display": "0", "missing_lines": 1, "excluded_lines": 0}, "missing_lines": [31], "excluded_lines": []}, "RiderRating": {"executed_lines": [71], "summary": {"covered_lines": 1, "num_statements": 2, "percent_covered": 50.0, "percent_covered_display": "50", "missing_lines": 1, "excluded_lines": 0}, "missing_lines": [67], "excluded_lines": []}, "RatingHistory": {"executed_lines": [], "summary": {"covered_lines": 0, "num_statements": 1, "percent_covered": 0.0, "percent_covered_display": "0", "missing_lines": 1, "excluded_lines": 0}, "missing_lines": [106], "excluded_lines": []}, "": {"executed_lines": [1, 3, 4, 5, 6, 9, 10, 12, 14, 15, 16, 17, 18, 19, 22, 23, 26, 27, 28, 30, 34, 35, 37, 39, 40, 43, 44, 45, 46, 47, 48, 49, 50, 53, 56, 57, 58, 61, 64, 66, 69, 84, 85, 87, 89, 90, 91, 93, 96, 99, 102, 103, 105], "summary": {"covered_lines": 49, "num_statements": 49, "percent_covered": 100.0, "percent_covered_display": "100", "missing_lines": 0, "excluded_lines": 0}, "missing_lines": [], "excluded_lines": []}}}, "src/services/__init__.py": {"executed_lines": [1, 3, 4, 6], "summary": {"covered_lines": 3, "num_statements": 3, "percent_covered": 100.0, "percent_covered_display": "100", "missing_lines": 0, "excluded_lines": 0}, "missing_lines": [], "excluded_lines": [], "functions": {"": {"executed_lines": [1, 3, 4, 6], "summary": {"covered_lines": 3, "num_statements": 3, "percent_covered": 100.0, "percent_covered_display": "100", "missing_lines": 0, "excluded_lines": 0}, "missing_lines": [], "excluded_lines": []}}, "classes": {"": {"executed_lines": [1, 3, 4, 6], "summary": {"covered_lines": 3, "num_statements": 3, "percent_covered": 100.0, "percent_covered_display": "100", "missing_lines": 0, "excluded_lines": 0}, "missing_lines": [], "excluded_lines": []}}}, "src/services/daily_updater.py": {"executed_lines": [1, 12, 13, 14, 15, 16, 17, 19, 21, 22, 23, 24, 27, 31, 34, 35, 47, 55, 56, 57, 58, 67, 77, 80, 81, 82, 85, 95, 97, 98, 99, 101, 102, 103, 104, 107, 108, 109, 110, 111, 112, 113, 114, 115, 121, 122, 123, 124, 125, 126, 127, 128, 130, 131, 139, 197, 208, 210, 211, 212, 213, 217, 218, 219, 220, 225, 226, 229, 230, 231, 237, 243, 245, 255, 257, 258, 259, 260, 263, 264, 270, 271, 272, 273, 275, 277, 321, 371], "summary": {"covered_lines": 86, "num_statements": 178, "percent_covered": 48.31460674157304, "percent_covered_display": "48", "missing_lines": 92, "excluded_lines": 0}, "missing_lines": [78, 133, 134, 135, 136, 137, 146, 147, 150, 151, 152, 153, 156, 157, 159, 160, 163, 164, 167, 176, 179, 180, 181, 182, 184, 185, 188, 189, 190, 191, 192, 193, 194, 195, 214, 239, 240, 241, 286, 287, 289, 291, 292, 294, 295, 296, 297, 299, 302, 303, 306, 307, 308, 310, 311, 312, 313, 314, 315, 316, 318, 323, 325, 326, 327, 328, 329, 331, 333, 335, 336, 338, 339, 340, 341, 343, 344, 346, 349, 350, 352, 354, 356, 357, 358, 360, 361, 363, 364, 365, 368, 372], "excluded_lines": [], "functions": {"DailyUpdater.__init__": {"executed_lines": [55, 56, 57, 58], "summary": {"covered_lines": 4, "num_statements": 4, "percent_covered": 100.0, "percent_covered_display": "100", "missing_lines": 0, "excluded_lines": 0}, "missing_lines": [], "excluded_lines": []}, "DailyUpdater.run_daily_update": {"executed_lines": [77, 80, 81, 82, 85, 95, 97, 98, 99, 101, 102, 103, 104, 107, 108, 109, 110, 111, 112, 113, 114, 115, 121, 122, 123, 124, 125, 126, 127, 128, 130, 131], "summary": {"covered_lines": 32, "num_statements": 38, "percent_covered": 84.21052631578948, "percent_covered_display": "84", "missing_lines": 6, "excluded_lines": 0}, "missing_lines": [78, 133, 134, 135, 136, 137], "excluded_lines": []}, "DailyUpdater._process_race": {"executed_lines": [], "summary": {"covered_lines": 0, "num_statements": 28, "percent_covered": 0.0, "percent_covered_display": "0", "missing_lines": 28, "excluded_lines": 0}, "missing_lines": [146, 147, 150, 151, 152, 153, 156, 157, 159, 160, 163, 164, 167, 176, 179, 180, 181, 182, 184, 185, 188, 189, 190, 191, 192, 193, 194, 195], "excluded_lines": []}, "DailyUpdater._process_results": {"executed_lines": [208, 210, 211, 212, 213, 217, 218, 219, 220, 225, 226, 229, 230, 231, 237, 243], "summary": {"covered_lines": 16, "num_statements": 20, "percent_covered": 80.0, "percent_covered_display": "80", "missing_lines": 4, "excluded_lines": 0}, "missing_lines": [214, 239, 240, 241], "excluded_lines": []}, "DailyUpdater._validate_race_data": {"executed_lines": [255, 257, 258, 259, 260, 263, 264, 270, 271, 272, 273, 275], "summary": {"covered_lines": 12, "num_statements": 12, "percent_covered": 100.0, "percent_covered_display": "100", "missing_lines": 0, "excluded_lines": 0}, "missing_lines": [], "excluded_lines": []}, "DailyUpdater.run_historical_update": {"executed_lines": [], "summary": {"covered_lines": 0, "num_statements": 23, "percent_covered": 0.0, "percent_covered_display": "0", "missing_lines": 23, "excluded_lines": 0}, "missing_lines": [286, 287, 289, 291, 292, 294, 295, 296, 297, 299, 302, 303, 306, 307, 308, 310, 311, 312, 313, 314, 315, 316, 318], "excluded_lines": []}, "run_daily_update_cli": {"executed_lines": [], "summary": {"covered_lines": 0, "num_statements": 30, "percent_covered": 0.0, "percent_covered_display": "0", "missing_lines": 30, "excluded_lines": 0}, "missing_lines": [323, 325, 326, 327, 328, 329, 331, 333, 335, 336, 338, 339, 340, 341, 343, 344, 346, 349, 350, 352, 354, 356, 357, 358, 360, 361, 363, 364, 365, 368], "excluded_lines": []}, "": {"executed_lines": [1, 12, 13, 14, 15, 16, 17, 19, 21, 22, 23, 24, 27, 31, 34, 35, 47, 67, 139, 197, 245, 277, 321, 371], "summary": {"covered_lines": 22, "num_statements": 23, "percent_covered": 95.65217391304348, "percent_covered_display": "96", "missing_lines": 1, "excluded_lines": 0}, "missing_lines": [372], "excluded_lines": []}}, "classes": {"DailyUpdater": {"executed_lines": [55, 56, 57, 58, 77, 80, 81, 82, 85, 95, 97, 98, 99, 101, 102, 103, 104, 107, 108, 109, 110, 111, 112, 113, 114, 115, 121, 122, 123, 124, 125, 126, 127, 128, 130, 131, 208, 210, 211, 212, 213, 217, 218, 219, 220, 225, 226, 229, 230, 231, 237, 243, 255, 257, 258, 259, 260, 263, 264, 270, 271, 272, 273, 275], "summary": {"covered_lines": 64, "num_statements": 125, "percent_covered": 51.2, "percent_covered_display": "51", "missing_lines": 61, "excluded_lines": 0}, "missing_lines": [78, 133, 134, 135, 136, 137, 146, 147, 150, 151, 152, 153, 156, 157, 159, 160, 163, 164, 167, 176, 179, 180, 181, 182, 184, 185, 188, 189, 190, 191, 192, 193, 194, 195, 214, 239, 240, 241, 286, 287, 289, 291, 292, 294, 295, 296, 297, 299, 302, 303, 306, 307, 308, 310, 311, 312, 313, 314, 315, 316, 318], "excluded_lines": []}, "": {"executed_lines": [1, 12, 13, 14, 15, 16, 17, 19, 21, 22, 23, 24, 27, 31, 34, 35, 47, 67, 139, 197, 245, 277, 321, 371], "summary": {"covered_lines": 22, "num_statements": 53, "percent_covered": 41.509433962264154, "percent_covered_display": "42", "missing_lines": 31, "excluded_lines": 0}, "missing_lines": [323, 325, 326, 327, 328, 329, 331, 333, 335, 336, 338, 339, 340, 341, 343, 344, 346, 349, 350, 352, 354, 356, 357, 358, 360, 361, 363, 364, 365, 368, 372], "excluded_lines": []}}}, "src/services/data_fetcher.py": {"executed_lines": [1, 3, 4, 5, 6, 7, 8, 9, 11, 13, 16, 17, 28, 35, 78, 86, 92, 97, 122, 147, 166, 182], "summary": {"covered_lines": 20, "num_statements": 49, "percent_covered": 40.816326530612244, "percent_covered_display": "41", "missing_lines": 29, "excluded_lines": 0}, "missing_lines": [29, 30, 31, 50, 52, 53, 55, 57, 58, 59, 61, 64, 72, 74, 75, 76, 81, 82, 83, 84, 90, 95, 104, 120, 134, 145, 159, 178, 202], "excluded_lines": [], "functions": {"DataFetcher.__init__": {"executed_lines": [], "summary": {"covered_lines": 0, "num_statements": 3, "percent_covered": 0.0, "percent_covered_display": "0", "missing_lines": 3, "excluded_lines": 0}, "missing_lines": [29, 30, 31], "excluded_lines": []}, "DataFetcher.fetch_race_results": {"executed_lines": [], "summary": {"covered_lines": 0, "num_statements": 13, "percent_covered": 0.0, "percent_covered_display": "0", "missing_lines": 13, "excluded_lines": 0}, "missing_lines": [50, 52, 53, 55, 57, 58, 59, 61, 64, 72, 74, 75, 76], "excluded_lines": []}, "DataFetcher._extract_race_name": {"executed_lines": [], "summary": {"covered_lines": 0, "num_statements": 4, "percent_covered": 0.0, "percent_covered_display": "0", "missing_lines": 4, "excluded_lines": 0}, "missing_lines": [81, 82, 83, 84], "excluded_lines": []}, "DataFetcher._extract_race_date": {"executed_lines": [], "summary": {"covered_lines": 0, "num_statements": 1, "percent_covered": 0.0, "percent_covered_display": "0", "missing_lines": 1, "excluded_lines": 0}, "missing_lines": [90], "excluded_lines": []}, "DataFetcher._extract_race_category": {"executed_lines": [], "summary": {"covered_lines": 0, "num_statements": 1, "percent_covered": 0.0, "percent_covered_display": "0", "missing_lines": 1, "excluded_lines": 0}, "missing_lines": [95], "excluded_lines": []}, "DataFetcher._extract_results": {"executed_lines": [], "summary": {"covered_lines": 0, "num_statements": 2, "percent_covered": 0.0, "percent_covered_display": "0", "missing_lines": 2, "excluded_lines": 0}, "missing_lines": [104, 120], "excluded_lines": []}, "DataFetcher._extract_characteristics": {"executed_lines": [], "summary": {"covered_lines": 0, "num_statements": 2, "percent_covered": 0.0, "percent_covered_display": "0", "missing_lines": 2, "excluded_lines": 0}, "missing_lines": [134, 145], "excluded_lines": []}, "DataFetcher.search_rider": {"executed_lines": [], "summary": {"covered_lines": 0, "num_statements": 1, "percent_covered": 0.0, "percent_covered_display": "0", "missing_lines": 1, "excluded_lines": 0}, "missing_lines": [159], "excluded_lines": []}, "DataFetcher.fetch_recent_races": {"executed_lines": [], "summary": {"covered_lines": 0, "num_statements": 1, "percent_covered": 0.0, "percent_covered_display": "0", "missing_lines": 1, "excluded_lines": 0}, "missing_lines": [178], "excluded_lines": []}, "create_manual_race_data": {"executed_lines": [], "summary": {"covered_lines": 0, "num_statements": 1, "percent_covered": 0.0, "percent_covered_display": "0", "missing_lines": 1, "excluded_lines": 0}, "missing_lines": [202], "excluded_lines": []}, "": {"executed_lines": [1, 3, 4, 5, 6, 7, 8, 9, 11, 13, 16, 17, 28, 35, 78, 86, 92, 97, 122, 147, 166, 182], "summary": {"covered_lines": 20, "num_statements": 20, "percent_covered": 100.0, "percent_covered_display": "100", "missing_lines": 0, "excluded_lines": 0}, "missing_lines": [], "excluded_lines": []}}, "classes": {"DataFetcher": {"executed_lines": [], "summary": {"covered_lines": 0, "num_statements": 28, "percent_covered": 0.0, "percent_covered_display": "0", "missing_lines": 28, "excluded_lines": 0}, "missing_lines": [29, 30, 31, 50, 52, 53, 55, 57, 58, 59, 61, 64, 72, 74, 75, 76, 81, 82, 83, 84, 90, 95, 104, 120, 134, 145, 159, 178], "excluded_lines": []}, "": {"executed_lines": [1, 3, 4, 5, 6, 7, 8, 9, 11, 13, 16, 17, 28, 35, 78, 86, 92, 97, 122, 147, 166, 182], "summary": {"covered_lines": 20, "num_statements": 21, "percent_covered": 95.23809523809524, "percent_covered_display": "95", "missing_lines": 1, "excluded_lines": 0}, "missing_lines": [202], "excluded_lines": []}}}, "src/services/procyclingstats_scraper.py": {"executed_lines": [1, 11, 12, 13, 14, 15, 16, 17, 18, 19, 20, 22, 24, 25, 28, 29, 32, 33, 43, 50, 51, 52, 53, 54, 57, 59, 61, 62, 63, 64, 66, 77, 78, 79, 81, 83, 84, 85, 86, 88, 89, 90, 96, 130, 166, 169, 170, 171, 182, 205, 207, 210, 211, 212, 213, 214, 215, 223, 231, 234, 235, 236, 237, 242, 245, 250, 251, 252, 253, 254, 255, 256, 261, 263, 265, 266, 267, 268, 269, 270, 271, 272, 273, 274, 278, 280, 283, 284, 288, 292, 293, 294, 295, 298, 299, 301, 302, 305, 308, 309, 312, 315, 316, 318, 325, 331, 332, 334, 347, 348, 349, 350, 351, 354, 366, 367, 368, 370, 372, 374, 376, 378, 382, 383, 384, 385, 386, 388, 394, 396, 397, 398, 399, 405, 412, 413, 414, 415, 424, 425, 426, 427, 428, 429, 432, 433, 434, 435, 436, 438, 440, 474, 475, 476], "summary": {"covered_lines": 151, "num_statements": 252, "percent_covered": 59.92063492063492, "percent_covered_display": "60", "missing_lines": 101, "excluded_lines": 0}, "missing_lines": [92, 93, 94, 106, 107, 110, 111, 113, 114, 115, 117, 119, 120, 121, 127, 128, 140, 141, 142, 144, 145, 158, 160, 162, 163, 164, 174, 175, 177, 178, 180, 185, 190, 191, 192, 193, 194, 195, 196, 197, 198, 199, 200, 203, 216, 217, 218, 219, 221, 226, 227, 228, 229, 238, 239, 240, 257, 258, 259, 276, 286, 289, 290, 296, 303, 327, 328, 329, 369, 371, 373, 375, 377, 379, 389, 390, 391, 392, 401, 402, 403, 406, 407, 408, 409, 410, 418, 419, 420, 421, 451, 452, 454, 455, 456, 459, 460, 461, 463, 464, 466], "excluded_lines": [], "functions": {"ProCyclingStatsScraper.__init__": {"executed_lines": [50, 51, 52, 53, 54, 57], "summary": {"covered_lines": 6, "num_statements": 6, "percent_covered": 100.0, "percent_covered_display": "100", "missing_lines": 0, "excluded_lines": 0}, "missing_lines": [], "excluded_lines": []}, "ProCyclingStatsScraper._rate_limit": {"executed_lines": [61, 62, 63, 64], "summary": {"covered_lines": 4, "num_statements": 4, "percent_covered": 100.0, "percent_covered_display": "100", "missing_lines": 0, "excluded_lines": 0}, "missing_lines": [], "excluded_lines": []}, "ProCyclingStatsScraper._fetch_page": {"executed_lines": [77, 78, 79, 81, 83, 84, 85, 86, 88, 89, 90], "summary": {"covered_lines": 11, "num_statements": 14, "percent_covered": 78.57142857142857, "percent_covered_display": "79", "missing_lines": 3, "excluded_lines": 0}, "missing_lines": [92, 93, 94], "excluded_lines": []}, "ProCyclingStatsScraper.get_today_races": {"executed_lines": [], "summary": {"covered_lines": 0, "num_statements": 13, "percent_covered": 0.0, "percent_covered_display": "0", "missing_lines": 13, "excluded_lines": 0}, "missing_lines": [106, 107, 110, 111, 113, 114, 115, 117, 119, 120, 121, 127, 128], "excluded_lines": []}, "ProCyclingStatsScraper.fetch_race_details": {"executed_lines": [], "summary": {"covered_lines": 0, "num_statements": 10, "percent_covered": 0.0, "percent_covered_display": "0", "missing_lines": 10, "excluded_lines": 0}, "missing_lines": [140, 141, 142, 144, 145, 158, 160, 162, 163, 164], "excluded_lines": []}, "ProCyclingStatsScraper._extract_race_name": {"executed_lines": [169, 170, 171], "summary": {"covered_lines": 3, "num_statements": 8, "percent_covered": 37.5, "percent_covered_display": "38", "missing_lines": 5, "excluded_lines": 0}, "missing_lines": [174, 175, 177, 178, 180], "excluded_lines": []}, "ProCyclingStatsScraper._extract_race_date": {"executed_lines": [], "summary": {"covered_lines": 0, "num_statements": 13, "percent_covered": 0.0, "percent_covered_display": "0", "missing_lines": 13, "excluded_lines": 0}, "missing_lines": [185, 190, 191, 192, 193, 194, 195, 196, 197, 198, 199, 200, 203], "excluded_lines": []}, "ProCyclingStatsScraper._extract_race_category": {"executed_lines": [207, 210, 211, 212, 213, 214, 215], "summary": {"covered_lines": 7, "num_statements": 12, "percent_covered": 58.333333333333336, "percent_covered_display": "58", "missing_lines": 5, "excluded_lines": 0}, "missing_lines": [216, 217, 218, 219, 221], "excluded_lines": []}, "ProCyclingStatsScraper._extract_country": {"executed_lines": [], "summary": {"covered_lines": 0, "num_statements": 4, "percent_covered": 0.0, "percent_covered_display": "0", "missing_lines": 4, "excluded_lines": 0}, "missing_lines": [226, 227, 228, 229], "excluded_lines": []}, "ProCyclingStatsScraper._extract_distance": {"executed_lines": [234, 235, 236, 237], "summary": {"covered_lines": 4, "num_statements": 7, "percent_covered": 57.142857142857146, "percent_covered_display": "57", "missing_lines": 3, "excluded_lines": 0}, "missing_lines": [238, 239, 240], "excluded_lines": []}, "ProCyclingStatsScraper._extract_elevation": {"executed_lines": [245, 250, 251, 252, 253, 254, 255, 256], "summary": {"covered_lines": 8, "num_statements": 11, "percent_covered": 72.72727272727273, "percent_covered_display": "73", "missing_lines": 3, "excluded_lines": 0}, "missing_lines": [257, 258, 259], "excluded_lines": []}, "ProCyclingStatsScraper._extract_profile_type": {"executed_lines": [263, 265, 266, 267, 268, 269, 270, 271, 272, 273, 274], "summary": {"covered_lines": 11, "num_statements": 12, "percent_covered": 91.66666666666667, "percent_covered_display": "92", "missing_lines": 1, "excluded_lines": 0}, "missing_lines": [276], "excluded_lines": []}, "ProCyclingStatsScraper._extract_results": {"executed_lines": [280, 283, 284, 288, 292, 293, 294, 295, 298, 299, 301, 302, 305, 308, 309, 312, 315, 316, 318, 325, 331, 332], "summary": {"covered_lines": 22, "num_statements": 30, "percent_covered": 73.33333333333333, "percent_covered_display": "73", "missing_lines": 8, "excluded_lines": 0}, "missing_lines": [286, 289, 290, 296, 303, 327, 328, 329], "excluded_lines": []}, "ProCyclingStatsScraper._infer_characteristics": {"executed_lines": [347, 348, 349, 350, 351, 354, 366, 367, 368, 370, 372, 374, 376, 378, 382, 383, 384, 385, 386, 388, 394, 396, 397, 398, 399, 405, 412, 413, 414, 415, 424, 425, 426, 427, 428, 429, 432, 433, 434, 435, 436, 438], "summary": {"covered_lines": 42, "num_statements": 64, "percent_covered": 65.625, "percent_covered_display": "66", "missing_lines": 22, "excluded_lines": 0}, "missing_lines": [369, 371, 373, 375, 377, 379, 389, 390, 391, 392, 401, 402, 403, 406, 407, 408, 409, 410, 418, 419, 420, 421], "excluded_lines": []}, "ProCyclingStatsScraper.search_rider": {"executed_lines": [], "summary": {"covered_lines": 0, "num_statements": 11, "percent_covered": 0.0, "percent_covered_display": "0", "missing_lines": 11, "excluded_lines": 0}, "missing_lines": [451, 452, 454, 455, 456, 459, 460, 461, 463, 464, 466], "excluded_lines": []}, "": {"executed_lines": [1, 11, 12, 13, 14, 15, 16, 17, 18, 19, 20, 22, 24, 25, 28, 29, 32, 33, 43, 59, 66, 96, 130, 166, 182, 205, 223, 231, 242, 261, 278, 334, 440, 474, 475, 476], "summary": {"covered_lines": 33, "num_statements": 33, "percent_covered": 100.0, "percent_covered_display": "100", "missing_lines": 0, "excluded_lines": 0}, "missing_lines": [], "excluded_lines": []}}, "classes": {"ProCyclingStatsScraper": {"executed_lines": [50, 51, 52, 53, 54, 57, 61, 62, 63, 64, 77, 78, 79, 81, 83, 84, 85, 86, 88, 89, 90, 169, 170, 171, 207, 210, 211, 212, 213, 214, 215, 234, 235, 236, 237, 245, 250, 251, 252, 253, 254, 255, 256, 263, 265, 266, 267, 268, 269, 270, 271, 272, 273, 274, 280, 283, 284, 288, 292, 293, 294, 295, 298, 299, 301, 302, 305, 308, 309, 312, 315, 316, 318, 325, 331, 332, 347, 348, 349, 350, 351, 354, 366, 367, 368, 370, 372, 374, 376, 378, 382, 383, 384, 385, 386, 388, 394, 396, 397, 398, 399, 405, 412, 413, 414, 415, 424, 425, 426, 427, 428, 429, 432, 433, 434, 435, 436, 438], "summary": {"covered_lines": 118, "num_statements": 219, "percent_covered": 53.881278538812786, "percent_covered_display": "54", "missing_lines": 101, "excluded_lines": 0}, "missing_lines": [92, 93, 94, 106, 107, 110, 111, 113, 114, 115, 117, 119, 120, 121, 127, 128, 140, 141, 142, 144, 145, 158, 160, 162, 163, 164, 174, 175, 177, 178, 180, 185, 190, 191, 192, 193, 194, 195, 196, 197, 198, 199, 200, 203, 216, 217, 218, 219, 221, 226, 227, 228, 229, 238, 239, 240, 257, 258, 259, 276, 286, 289, 290, 296, 303, 327, 328, 329, 369, 371, 373, 375, 377, 379, 389, 390, 391, 392, 401, 402, 403, 406, 407, 408, 409, 410, 418, 419, 420, 421, 451, 452, 454, 455, 456, 459, 460, 461, 463, 464, 466], "excluded_lines": []}, "DataFetcher": {"executed_lines": [], "summary": {"covered_lines": 0, "num_statements": 0, "percent_covered": 100.0, "percent_covered_display": "100", "missing_lines": 0, "excluded_lines": 0}, "missing_lines": [], "excluded_lines": []}, "": {"executed_lines": [1, 11, 12, 13, 14, 15, 16, 17, 18, 19, 20, 22, 24, 25, 28, 29, 32, 33, 43, 59, 66, 96, 130, 166, 182, 205, 223, 231, 242, 261, 278, 334, 440, 474, 475, 476], "summary": {"covered_lines": 33, "num_statements": 33, "percent_covered": 100.0, "percent_covered_display": "100", "missing_lines": 0, "excluded_lines": 0}, "missing_lines": [], "excluded_lines": []}}}, "src/services/rating_engine.py": {"executed_lines": [1, 3, 4, 5, 6, 7, 8, 10, 12, 13, 16, 17, 23, 24, 25, 26, 28, 39, 41, 52, 53, 54, 55, 56, 57, 63, 73, 74, 76, 95, 96, 98, 108, 109, 112, 113, 116, 122, 125, 126, 127, 129, 131, 132, 133, 136, 141, 142, 144, 145, 146, 147, 148, 151, 155, 158, 165, 166, 167, 169, 170, 173, 176, 177, 178, 179, 180, 182, 185, 192, 194, 200, 202, 209, 211, 215, 216, 228, 230, 232, 239, 240, 242, 243, 244, 246, 247, 248, 249, 250, 252, 254, 256, 258, 269, 274, 276, 286, 287, 288], "summary": {"covered_lines": 98, "num_statements": 104, "percent_covered": 94.23076923076923, "percent_covered_display": "94", "missing_lines": 6, "excluded_lines": 0}, "missing_lines": [58, 59, 61, 110, 114, 123], "excluded_lines": [], "functions": {"RatingEngine.__init__": {"executed_lines": [24, 25, 26], "summary": {"covered_lines": 3, "num_statements": 3, "percent_covered": 100.0, "percent_covered_display": "100", "missing_lines": 0, "excluded_lines": 0}, "missing_lines": [], "excluded_lines": []}, "RatingEngine.calculate_expected_score": {"executed_lines": [39], "summary": {"covered_lines": 1, "num_statements": 1, "percent_covered": 100.0, "percent_covered_display": "100", "missing_lines": 0, "excluded_lines": 0}, "missing_lines": [], "excluded_lines": []}, "RatingEngine.calculate_performance_score": {"executed_lines": [52, 53, 54, 55, 56, 57], "summary": {"covered_lines": 6, "num_statements": 9, "percent_covered": 66.66666666666667, "percent_covered_display": "67", "missing_lines": 3, "excluded_lines": 0}, "missing_lines": [58, 59, 61], "excluded_lines": []}, "RatingEngine.get_race_importance_multiplier": {"executed_lines": [73, 74], "summary": {"covered_lines": 2, "num_statements": 2, "percent_covered": 100.0, "percent_covered_display": "100", "missing_lines": 0, "excluded_lines": 0}, "missing_lines": [], "excluded_lines": []}, "RatingEngine.calculate_rating_change": {"executed_lines": [95, 96], "summary": {"covered_lines": 2, "num_statements": 2, "percent_covered": 100.0, "percent_covered_display": "100", "missing_lines": 0, "excluded_lines": 0}, "missing_lines": [], "excluded_lines": []}, "RatingEngine.update_ratings_for_race": {"executed_lines": [108, 109, 112, 113, 116, 122, 125, 126, 127, 129, 131, 132, 133, 136, 141, 142, 144, 145, 146, 147, 148, 151, 155, 158, 165, 166, 167, 169, 170, 173, 176, 177, 178, 179, 180, 182, 185, 192, 194, 200, 202], "summary": {"covered_lines": 41, "num_statements": 44, "percent_covered": 93.18181818181819, "percent_covered_display": "93", "missing_lines": 3, "excluded_lines": 0}, "missing_lines": [110, 114, 123], "excluded_lines": []}, "RatingEngine._get_or_create_rating": {"executed_lines": [211, 215, 216, 228, 230], "summary": {"covered_lines": 5, "num_statements": 5, "percent_covered": 100.0, "percent_covered_display": "100", "missing_lines": 0, "excluded_lines": 0}, "missing_lines": [], "excluded_lines": []}, "RatingEngine._calculate_average_competitor_ratings": {"executed_lines": [239, 240, 242, 243, 244, 246, 247, 248, 249, 250, 252, 254], "summary": {"covered_lines": 12, "num_statements": 12, "percent_covered": 100.0, "percent_covered_display": "100", "missing_lines": 0, "excluded_lines": 0}, "missing_lines": [], "excluded_lines": []}, "RatingEngine._calculate_overall_rating": {"executed_lines": [258, 269, 274], "summary": {"covered_lines": 3, "num_statements": 3, "percent_covered": 100.0, "percent_covered_display": "100", "missing_lines": 0, "excluded_lines": 0}, "missing_lines": [], "excluded_lines": []}, "RatingEngine.initialize_rider_ratings": {"executed_lines": [286, 287, 288], "summary": {"covered_lines": 3, "num_statements": 3, "percent_covered": 100.0, "percent_covered_display": "100", "missing_lines": 0, "excluded_lines": 0}, "missing_lines": [], "excluded_lines": []}, "": {"executed_lines": [1, 3, 4, 5, 6, 7, 8, 10, 12, 13, 16, 17, 23, 28, 41, 63, 76, 98, 209, 232, 256, 276], "summary": {"covered_lines": 20, "num_statements": 20, "percent_covered": 100.0, "percent_covered_display": "100", "missing_lines": 0, "excluded_lines": 0}, "missing_lines": [], "excluded_lines": []}}, "classes": {"RatingEngine": {"executed_lines": [24, 25, 26, 39, 52, 53, 54, 55, 56, 57, 73, 74, 95, 96, 108, 109, 112, 113, 116, 122, 125, 126, 127, 129, 131, 132, 133, 136, 141, 142, 144, 145, 146, 147, 148, 151, 155, 158, 165, 166, 167, 169, 170, 173, 176, 177, 178, 179, 180, 182, 185, 192, 194, 200, 202, 211, 215, 216, 228, 230, 239, 240, 242, 243, 244, 246, 247, 248, 249, 250, 252, 254, 258, 269, 274, 286, 287, 288], "summary": {"covered_lines": 78, "num_statements": 84, "percent_covered": 92.85714285714286, "percent_covered_display": "93", "missing_lines": 6, "excluded_lines": 0}, "missing_lines": [58, 59, 61, 110, 114, 123], "excluded_lines": []}, "": {"executed_lines": [1, 3, 4, 5, 6, 7, 8, 10, 12, 13, 16, 17, 23, 28, 41, 63, 76, 98, 209, 232, 256, 276], "summary": {"covered_lines": 20, "num_statements": 20, "percent_covered": 100.0, "percent_covered_display": "100", "missing_lines": 0, "excluded_lines": 0}, "missing_lines": [], "excluded_lines": []}}}, "src/utils/__init__.py": {"executed_lines": [1, 3, 4, 6], "summary": {"covered_lines": 3, "num_statements": 3, "percent_covered": 100.0, "percent_covered_display": "100", "missing_lines": 0, "excluded_lines": 0}, "missing_lines": [], "excluded_lines": [], "functions": {"": {"executed_lines": [1, 3, 4, 6], "summary": {"covered_lines": 3, "num_statements": 3, "percent_covered": 100.0, "percent_covered_display": "100", "missing_lines": 0, "excluded_lines": 0}, "missing_lines": [], "excluded_lines": []}}, "classes": {"": {"executed_lines": [1, 3, 4, 6], "summary": {"covered_lines": 3, "num_statements": 3, "percent_covered": 100.0, "percent_covered_display": "100", "missing_lines": 0, "excluded_lines": 0}, "missing_lines": [], "excluded_lines": []}}}, "src/utils/csv_importer.py": {"executed_lines": [], "summary": {"covered_lines": 0, "num_statements": 77, "percent_covered": 0.0, "percent_covered_display": "0", "missing_lines": 77, "excluded_lines": 3}, "missing_lines": [3, 4, 5, 6, 7, 8, 9, 11, 13, 14, 15, 18, 21, 22, 23, 25, 40, 41, 42, 44, 45, 47, 48, 49, 56, 57, 58, 59, 60, 62, 63, 69, 75, 94, 95, 96, 98, 99, 101, 102, 104, 105, 108, 119, 121, 129, 130, 131, 132, 134, 135, 141, 147, 164, 165, 166, 168, 169, 171, 172, 173, 174, 176, 177, 179, 187, 188, 189, 190, 192, 193, 199, 206, 210, 216, 222, 227], "excluded_lines": [26, 76, 148], "functions": {"CSVImporter.__init__": {"executed_lines": [], "summary": {"covered_lines": 0, "num_statements": 2, "percent_covered": 0.0, "percent_covered_display": "0", "missing_lines": 2, "excluded_lines": 0}, "missing_lines": [22, 23], "excluded_lines": []}, "CSVImporter.import_riders_from_csv": {"executed_lines": [], "summary": {"covered_lines": 0, "num_statements": 16, "percent_covered": 0.0, "percent_covered_display": "0", "missing_lines": 16, "excluded_lines": 1}, "missing_lines": [40, 41, 42, 44, 45, 47, 48, 49, 56, 57, 58, 59, 60, 62, 63, 69], "excluded_lines": [26]}, "CSVImporter.import_races_from_csv": {"executed_lines": [], "summary": {"covered_lines": 0, "num_statements": 19, "percent_covered": 0.0, "percent_covered_display": "0", "missing_lines": 19, "excluded_lines": 1}, "missing_lines": [94, 95, 96, 98, 99, 101, 102, 104, 105, 108, 119, 121, 129, 130, 131, 132, 134, 135, 141], "excluded_lines": [76]}, "CSVImporter.import_results_from_csv": {"executed_lines": [], "summary": {"covered_lines": 0, "num_statements": 19, "percent_covered": 0.0, "percent_covered_display": "0", "missing_lines": 19, "excluded_lines": 1}, "missing_lines": [164, 165, 166, 168, 169, 171, 172, 173, 174, 176, 177, 179, 187, 188, 189, 190, 192, 193, 199], "excluded_lines": [148]}, "create_sample_csv_templates": {"executed_lines": [], "summary": {"covered_lines": 0, "num_statements": 4, "percent_covered": 0.0, "percent_covered_display": "0", "missing_lines": 4, "excluded_lines": 0}, "missing_lines": [210, 216, 222, 227], "excluded_lines": []}, "": {"executed_lines": [], "summary": {"covered_lines": 0, "num_statements": 17, "percent_covered": 0.0, "percent_covered_display": "0", "missing_lines": 17, "excluded_lines": 0}, "missing_lines": [3, 4, 5, 6, 7, 8, 9, 11, 13, 14, 15, 18, 21, 25, 75, 147, 206], "excluded_lines": []}}, "classes": {"CSVImporter": {"executed_lines": [], "summary": {"covered_lines": 0, "num_statements": 56, "percent_covered": 0.0, "percent_covered_display": "0", "missing_lines": 56, "excluded_lines": 3}, "missing_lines": [22, 23, 40, 41, 42, 44, 45, 47, 48, 49, 56, 57, 58, 59, 60, 62, 63, 69, 94, 95, 96, 98, 99, 101, 102, 104, 105, 108, 119, 121, 129, 130, 131, 132, 134, 135, 141, 164, 165, 166, 168, 169, 171, 172, 173, 174, 176, 177, 179, 187, 188, 189, 190, 192, 193, 199], "excluded_lines": [26, 76, 148]}, "": {"executed_lines": [], "summary": {"covered_lines": 0, "num_statements": 21, "percent_covered": 0.0, "percent_covered_display": "0", "missing_lines": 21, "excluded_lines": 0}, "missing_lines": [3, 4, 5, 6, 7, 8, 9, 11, 13, 14, 15, 18, 21, 25, 75, 147, 206, 210, 216, 222, 227], "excluded_lines": []}}}, "src/utils/db_helpers.py": {"executed_lines": [1, 3, 4, 5, 6, 7, 9, 11, 12, 15, 36, 37, 40, 47, 48, 49, 51, 54, 79, 80, 84, 93, 94, 97, 98, 102, 104, 105, 107, 110, 136, 146, 147, 148, 150, 153, 195, 197, 200], "summary": {"covered_lines": 38, "num_statements": 49, "percent_covered": 77.55102040816327, "percent_covered_display": "78", "missing_lines": 11, "excluded_lines": 0}, "missing_lines": [38, 81, 82, 169, 170, 172, 179, 180, 181, 192, 202], "excluded_lines": [], "functions": {"add_rider": {"executed_lines": [36, 37, 40, 47, 48, 49, 51], "summary": {"covered_lines": 7, "num_statements": 8, "percent_covered": 87.5, "percent_covered_display": "88", "missing_lines": 1, "excluded_lines": 0}, "missing_lines": [38], "excluded_lines": []}, "add_race": {"executed_lines": [79, 80, 84, 93, 94, 97, 98, 102, 104, 105, 107], "summary": {"covered_lines": 11, "num_statements": 13, "percent_covered": 84.61538461538461, "percent_covered_display": "85", "missing_lines": 2, "excluded_lines": 0}, "missing_lines": [81, 82], "excluded_lines": []}, "add_race_result": {"executed_lines": [136, 146, 147, 148, 150], "summary": {"covered_lines": 5, "num_statements": 5, "percent_covered": 100.0, "percent_covered_display": "100", "missing_lines": 0, "excluded_lines": 0}, "missing_lines": [], "excluded_lines": []}, "get_top_riders": {"executed_lines": [], "summary": {"covered_lines": 0, "num_statements": 7, "percent_covered": 0.0, "percent_covered_display": "0", "missing_lines": 7, "excluded_lines": 0}, "missing_lines": [169, 170, 172, 179, 180, 181, 192], "excluded_lines": []}, "get_rider_by_name": {"executed_lines": [197], "summary": {"covered_lines": 1, "num_statements": 1, "percent_covered": 100.0, "percent_covered_display": "100", "missing_lines": 0, "excluded_lines": 0}, "missing_lines": [], "excluded_lines": []}, "get_race_by_name": {"executed_lines": [], "summary": {"covered_lines": 0, "num_statements": 1, "percent_covered": 0.0, "percent_covered_display": "0", "missing_lines": 1, "excluded_lines": 0}, "missing_lines": [202], "excluded_lines": []}, "": {"executed_lines": [1, 3, 4, 5, 6, 7, 9, 11, 12, 15, 54, 110, 153, 195, 200], "summary": {"covered_lines": 14, "num_statements": 14, "percent_covered": 100.0, "percent_covered_display": "100", "missing_lines": 0, "excluded_lines": 0}, "missing_lines": [], "excluded_lines": []}}, "classes": {"": {"executed_lines": [1, 3, 4, 5, 6, 7, 9, 11, 12, 15, 36, 37, 40, 47, 48, 49, 51, 54, 79, 80, 84, 93, 94, 97, 98, 102, 104, 105, 107, 110, 136, 146, 147, 148, 150, 153, 195, 197, 200], "summary": {"covered_lines": 38, "num_statements": 49, "percent_covered": 77.55102040816327, "percent_covered_display": "78", "missing_lines": 11, "excluded_lines": 0}, "missing_lines": [38, 81, 82, 169, 170, 172, 179, 180, 181, 192, 202], "excluded_lines": []}}}, "src/utils/race_templates.py": {"executed_lines": [1, 8, 11, 12, 14, 15, 36, 37, 58, 59, 79, 80, 100, 101, 121, 122, 142, 143, 153, 164, 165, 186, 187, 208, 209, 231, 232, 252, 253, 273, 274, 293, 294, 314, 315, 335, 336, 356, 357, 377, 378, 405, 406], "summary": {"covered_lines": 41, "num_statements": 62, "percent_covered": 66.12903225806451, "percent_covered_display": "66", "missing_lines": 21, "excluded_lines": 0}, "missing_lines": [25, 47, 68, 89, 110, 131, 175, 197, 220, 241, 262, 282, 303, 324, 345, 366, 385, 419, 420, 421, 422], "excluded_lines": [], "functions": {"RaceTemplates.flat_sprint_stage": {"executed_lines": [], "summary": {"covered_lines": 0, "num_statements": 1, "percent_covered": 0.0, "percent_covered_display": "0", "missing_lines": 1, "excluded_lines": 0}, "missing_lines": [25], "excluded_lines": []}, "RaceTemplates.mountain_stage": {"executed_lines": [], "summary": {"covered_lines": 0, "num_statements": 1, "percent_covered": 0.0, "percent_covered_display": "0", "missing_lines": 1, "excluded_lines": 0}, "missing_lines": [47], "excluded_lines": []}, "RaceTemplates.high_mountain_stage": {"executed_lines": [], "summary": {"covered_lines": 0, "num_statements": 1, "percent_covered": 0.0, "percent_covered_display": "0", "missing_lines": 1, "excluded_lines": 0}, "missing_lines": [68], "excluded_lines": []}, "RaceTemplates.medium_mountain_stage": {"executed_lines": [], "summary": {"covered_lines": 0, "num_statements": 1, "percent_covered": 0.0, "percent_covered_display": "0", "missing_lines": 1, "excluded_lines": 0}, "missing_lines": [89], "excluded_lines": []}, "RaceTemplates.individual_time_trial": {"executed_lines": [], "summary": {"covered_lines": 0, "num_statements": 1, "percent_covered": 0.0, "percent_covered_display": "0", "missing_lines": 1, "excluded_lines": 0}, "missing_lines": [110], "excluded_lines": []}, "RaceTemplates.mountain_time_trial": {"executed_lines": [], "summary": {"covered_lines": 0, "num_statements": 1, "percent_covered": 0.0, "percent_covered_display": "0", "missing_lines": 1, "excluded_lines": 0}, "missing_lines": [131], "excluded_lines": []}, "RaceTemplates.paris_roubaix": {"executed_lines": [153], "summary": {"covered_lines": 1, "num_statements": 1, "percent_covered": 100.0, "percent_covered_display": "100", "missing_lines": 0, "excluded_lines": 0}, "missing_lines": [], "excluded_lines": []}, "RaceTemplates.tour_of_flanders": {"executed_lines": [], "summary": {"covered_lines": 0, "num_statements": 1, "percent_covered": 0.0, "percent_covered_display": "0", "missing_lines": 1, "excluded_lines": 0}, "missing_lines": [175], "excluded_lines": []}, "RaceTemplates.liege_bastogne_liege": {"executed_lines": [], "summary": {"covered_lines": 0, "num_statements": 1, "percent_covered": 0.0, "percent_covered_display": "0", "missing_lines": 1, "excluded_lines": 0}, "missing_lines": [197], "excluded_lines": []}, "RaceTemplates.milano_sanremo": {"executed_lines": [], "summary": {"covered_lines": 0, "num_statements": 1, "percent_covered": 0.0, "percent_covered_display": "0", "missing_lines": 1, "excluded_lines": 0}, "missing_lines": [220], "excluded_lines": []}, "RaceTemplates.il_lombardia": {"executed_lines": [], "summary": {"covered_lines": 0, "num_statements": 1, "percent_covered": 0.0, "percent_covered_display": "0", "missing_lines": 1, "excluded_lines": 0}, "missing_lines": [241], "excluded_lines": []}, "RaceTemplates.world_championship_rr": {"executed_lines": [], "summary": {"covered_lines": 0, "num_statements": 1, "percent_covered": 0.0, "percent_covered_display": "0", "missing_lines": 1, "excluded_lines": 0}, "missing_lines": [262], "excluded_lines": []}, "RaceTemplates.world_championship_itt": {"executed_lines": [], "summary": {"covered_lines": 0, "num_statements": 1, "percent_covered": 0.0, "percent_covered_display": "0", "missing_lines": 1, "excluded_lines": 0}, "missing_lines": [282], "excluded_lines": []}, "RaceTemplates.hilly_classic": {"executed_lines": [], "summary": {"covered_lines": 0, "num_statements": 1, "percent_covered": 0.0, "percent_covered_display": "0", "missing_lines": 1, "excluded_lines": 0}, "missing_lines": [303], "excluded_lines": []}, "RaceTemplates.sprint_classic": {"executed_lines": [], "summary": {"covered_lines": 0, "num_statements": 1, "percent_covered": 0.0, "percent_covered_display": "0", "missing_lines": 1, "excluded_lines": 0}, "missing_lines": [324], "excluded_lines": []}, "RaceTemplates.prologue": {"executed_lines": [], "summary": {"covered_lines": 0, "num_statements": 1, "percent_covered": 0.0, "percent_covered_display": "0", "missing_lines": 1, "excluded_lines": 0}, "missing_lines": [345], "excluded_lines": []}, "RaceTemplates.team_time_trial": {"executed_lines": [], "summary": {"covered_lines": 0, "num_statements": 1, "percent_covered": 0.0, "percent_covered_display": "0", "missing_lines": 1, "excluded_lines": 0}, "missing_lines": [366], "excluded_lines": []}, "RaceTemplates.get_all_templates": {"executed_lines": [], "summary": {"covered_lines": 0, "num_statements": 1, "percent_covered": 0.0, "percent_covered_display": "0", "missing_lines": 1, "excluded_lines": 0}, "missing_lines": [385], "excluded_lines": []}, "RaceTemplates.get_template": {"executed_lines": [], "summary": {"covered_lines": 0, "num_statements": 4, "percent_covered": 0.0, "percent_covered_display": "0", "missing_lines": 4, "excluded_lines": 0}, "missing_lines": [419, 420, 421, 422], "excluded_lines": []}, "": {"executed_lines": [1, 8, 11, 12, 14, 15, 36, 37, 58, 59, 79, 80, 100, 101, 121, 122, 142, 143, 164, 165, 186, 187, 208, 209, 231, 232, 252, 253, 273, 274, 293, 294, 314, 315, 335, 336, 356, 357, 377, 378, 405, 406], "summary": {"covered_lines": 40, "num_statements": 40, "percent_covered": 100.0, "percent_covered_display": "100", "missing_lines": 0, "excluded_lines": 0}, "missing_lines": [], "excluded_lines": []}}, "classes": {"RaceTemplates": {"executed_lines": [153], "summary": {"covered_lines": 1, "num_statements": 22, "percent_covered": 4.545454545454546, "percent_covered_display": "5", "missing_lines": 21, "excluded_lines": 0}, "missing_lines": [25, 47, 68, 89, 110, 131, 175, 197, 220, 241, 262, 282, 303, 324, 345, 366, 385, 419, 420, 421, 422], "excluded_lines": []}, "": {"executed_lines": [1, 8, 11, 12, 14, 15, 36, 37, 58, 59, 79, 80, 100, 101, 121, 122, 142, 143, 164, 165, 186, 187, 208, 209, 231, 232, 252, 253, 273, 274, 293, 294, 314, 315, 335, 336, 356, 357, 377, 378, 405, 406], "summary": {"covered_lines": 40, "num_statements": 40, "percent_covered": 100.0, "percent_covered_display": "100", "missing_lines": 0, "excluded_lines": 0}, "missing_lines": [], "excluded_lines": []}}}}, "totals": {"covered_lines": 570, "num_statements": 921, "percent_covered": 61.88925081433225, "percent_covered_display": "62", "missing_lines": 351, "excluded_lines": 3}}